[2026-02-19T09:17:02.349Z] Login Error: {
  "response": {
    "message": "อีเมลหรือรหัสผ่านไม่ถูกต้อง",
    "error": "Unauthorized",
    "statusCode": 401
  },
  "status": 401,
  "options": {},
  "message": "อีเมลหรือรหัสผ่านไม่ถูกต้อง",
  "name": "UnauthorizedException"
}
Stack: UnauthorizedException: อีเมลหรือรหัสผ่านไม่ถูกต้อง
    at login (D:\JobSabuy\apps\api\src\auth\auth.service.ts:108:27)
    at processTicksAndRejections (native:7:39)
[2026-02-20T09:37:49.220Z] Login Error: {
  "response": {
    "message": "อีเมลหรือรหัสผ่านไม่ถูกต้อง",
    "error": "Unauthorized",
    "statusCode": 401
  },
  "status": 401,
  "options": {},
  "message": "อีเมลหรือรหัสผ่านไม่ถูกต้อง",
  "name": "UnauthorizedException"
}
Stack: UnauthorizedException: อีเมลหรือรหัสผ่านไม่ถูกต้อง
    at login (D:\JobSabuy\apps\api\src\auth\auth.service.ts:115:27)
    at processTicksAndRejections (native:7:39)
[2026-02-20T10:01:24.068Z] Login Error: {
  "response": {
    "message": "อีเมลหรือรหัสผ่านไม่ถูกต้อง",
    "error": "Unauthorized",
    "statusCode": 401
  },
  "status": 401,
  "options": {},
  "message": "อีเมลหรือรหัสผ่านไม่ถูกต้อง",
  "name": "UnauthorizedException"
}
Stack: UnauthorizedException: อีเมลหรือรหัสผ่านไม่ถูกต้อง
    at login (D:\JobSabuy\apps\api\src\auth\auth.service.ts:115:27)
    at processTicksAndRejections (native:7:39)
[2026-02-20T10:05:49.887Z] Login Error: {
  "response": {
    "message": "อีเมลหรือรหัสผ่านไม่ถูกต้อง",
    "error": "Unauthorized",
    "statusCode": 401
  },
  "status": 401,
  "options": {},
  "message": "อีเมลหรือรหัสผ่านไม่ถูกต้อง",
  "name": "UnauthorizedException"
}
Stack: UnauthorizedException: อีเมลหรือรหัสผ่านไม่ถูกต้อง
    at login (D:\JobSabuy\apps\api\src\auth\auth.service.ts:108:27)
    at processTicksAndRejections (native:7:39)
[2026-02-20T10:25:08.029Z] Login Error: {
  "response": {
    "message": "อีเมลหรือรหัสผ่านไม่ถูกต้อง",
    "error": "Unauthorized",
    "statusCode": 401
  },
  "status": 401,
  "options": {},
  "message": "อีเมลหรือรหัสผ่านไม่ถูกต้อง",
  "name": "UnauthorizedException"
}
Stack: UnauthorizedException: อีเมลหรือรหัสผ่านไม่ถูกต้อง
    at login (D:\JobSabuy\apps\api\src\auth\auth.service.ts:116:27)
    at processTicksAndRejections (native:7:39)
[2026-02-20T10:25:18.524Z] Login Error: {
  "response": {
    "message": "อีเมลหรือรหัสผ่านไม่ถูกต้อง",
    "error": "Unauthorized",
    "statusCode": 401
  },
  "status": 401,
  "options": {},
  "message": "อีเมลหรือรหัสผ่านไม่ถูกต้อง",
  "name": "UnauthorizedException"
}
Stack: UnauthorizedException: อีเมลหรือรหัสผ่านไม่ถูกต้อง
    at login (D:\JobSabuy\apps\api\src\auth\auth.service.ts:116:27)
    at processTicksAndRejections (native:7:39)
[2026-02-20T10:26:26.395Z] Login Error: {
  "response": {
    "message": "อีเมลหรือรหัสผ่านไม่ถูกต้อง",
    "error": "Unauthorized",
    "statusCode": 401
  },
  "status": 401,
  "options": {},
  "message": "อีเมลหรือรหัสผ่านไม่ถูกต้อง",
  "name": "UnauthorizedException"
}
Stack: UnauthorizedException: อีเมลหรือรหัสผ่านไม่ถูกต้อง
    at login (D:\JobSabuy\apps\api\src\auth\auth.service.ts:116:27)
    at processTicksAndRejections (native:7:39)
[2026-02-20T10:37:40.360Z] Login Error: {
  "response": {
    "message": "อีเมลหรือรหัสผ่านไม่ถูกต้อง",
    "error": "Unauthorized",
    "statusCode": 401
  },
  "status": 401,
  "options": {},
  "message": "อีเมลหรือรหัสผ่านไม่ถูกต้อง",
  "name": "UnauthorizedException"
}
Stack: UnauthorizedException: อีเมลหรือรหัสผ่านไม่ถูกต้อง
    at login (D:\JobSabuy\apps\api\src\auth\auth.service.ts:109:27)
    at processTicksAndRejections (native:7:39)
[2026-02-25T08:09:18.671Z] Login Error: {
  "response": {
    "message": "อีเมลหรือรหัสผ่านไม่ถูกต้อง",
    "error": "Unauthorized",
    "statusCode": 401
  },
  "status": 401,
  "options": {},
  "message": "อีเมลหรือรหัสผ่านไม่ถูกต้อง",
  "name": "UnauthorizedException"
}
Stack: UnauthorizedException: อีเมลหรือรหัสผ่านไม่ถูกต้อง
    at login (D:\JobSabuy\apps\api\src\auth\auth.service.ts:109:27)
    at processTicksAndRejections (native:7:39)
[2026-02-27T05:23:25.233Z] Login Error: {
  "response": {
    "message": "อีเมลหรือรหัสผ่านไม่ถูกต้อง",
    "error": "Unauthorized",
    "statusCode": 401
  },
  "status": 401,
  "options": {},
  "message": "อีเมลหรือรหัสผ่านไม่ถูกต้อง",
  "name": "UnauthorizedException"
}
Stack: UnauthorizedException: อีเมลหรือรหัสผ่านไม่ถูกต้อง
    at login (D:\JobSabuy\apps\api\src\auth\auth.service.ts:109:27)
    at processTicksAndRejections (native:7:39)
[2026-02-27T05:24:38.863Z] Login Error: {
  "response": {
    "message": "อีเมลหรือรหัสผ่านไม่ถูกต้อง",
    "error": "Unauthorized",
    "statusCode": 401
  },
  "status": 401,
  "options": {},
  "message": "อีเมลหรือรหัสผ่านไม่ถูกต้อง",
  "name": "UnauthorizedException"
}
Stack: UnauthorizedException: อีเมลหรือรหัสผ่านไม่ถูกต้อง
    at login (D:\JobSabuy\apps\api\src\auth\auth.service.ts:116:27)
    at processTicksAndRejections (native:7:39)
[2026-02-27T05:25:09.542Z] Login Error: {
  "response": {
    "message": "อีเมลหรือรหัสผ่านไม่ถูกต้อง",
    "error": "Unauthorized",
    "statusCode": 401
  },
  "status": 401,
  "options": {},
  "message": "อีเมลหรือรหัสผ่านไม่ถูกต้อง",
  "name": "UnauthorizedException"
}
Stack: UnauthorizedException: อีเมลหรือรหัสผ่านไม่ถูกต้อง
    at login (D:\JobSabuy\apps\api\src\auth\auth.service.ts:116:27)
    at processTicksAndRejections (native:7:39)
[2026-02-27T05:25:41.302Z] Login Error: {
  "response": {
    "message": "อีเมลหรือรหัสผ่านไม่ถูกต้อง",
    "error": "Unauthorized",
    "statusCode": 401
  },
  "status": 401,
  "options": {},
  "message": "อีเมลหรือรหัสผ่านไม่ถูกต้อง",
  "name": "UnauthorizedException"
}
Stack: UnauthorizedException: อีเมลหรือรหัสผ่านไม่ถูกต้อง
    at login (D:\JobSabuy\apps\api\src\auth\auth.service.ts:116:27)
    at processTicksAndRejections (native:7:39)
[2026-02-27T05:26:17.667Z] Login Error: {
  "response": {
    "message": "อีเมลหรือรหัสผ่านไม่ถูกต้อง",
    "error": "Unauthorized",
    "statusCode": 401
  },
  "status": 401,
  "options": {},
  "message": "อีเมลหรือรหัสผ่านไม่ถูกต้อง",
  "name": "UnauthorizedException"
}
Stack: UnauthorizedException: อีเมลหรือรหัสผ่านไม่ถูกต้อง
    at login (D:\JobSabuy\apps\api\src\auth\auth.service.ts:116:27)
    at processTicksAndRejections (native:7:39)
[2026-03-05T02:33:48.023Z] Login Error: {
  "response": {
    "message": "อีเมลหรือรหัสผ่านไม่ถูกต้อง",
    "error": "Unauthorized",
    "statusCode": 401
  },
  "status": 401,
  "options": {},
  "message": "อีเมลหรือรหัสผ่านไม่ถูกต้อง",
  "name": "UnauthorizedException"
}
Stack: UnauthorizedException: อีเมลหรือรหัสผ่านไม่ถูกต้อง
    at login (D:\JobSabuy\apps\api\src\auth\auth.service.ts:111:27)
    at processTicksAndRejections (native:7:39)
[2026-03-05T09:11:20.636Z] Login Error: {
  "response": {
    "message": "อีเมลหรือรหัสผ่านไม่ถูกต้อง",
    "error": "Unauthorized",
    "statusCode": 401
  },
  "status": 401,
  "options": {},
  "message": "อีเมลหรือรหัสผ่านไม่ถูกต้อง",
  "name": "UnauthorizedException"
}
Stack: UnauthorizedException: อีเมลหรือรหัสผ่านไม่ถูกต้อง
    at login (D:\JobSabuy\apps\api\src\auth\auth.service.ts:111:27)
    at processTicksAndRejections (native:7:39)
[2026-03-06T08:29:52.131Z] Login Error: {
  "response": {
    "message": "อีเมลหรือรหัสผ่านไม่ถูกต้อง",
    "error": "Unauthorized",
    "statusCode": 401
  },
  "status": 401,
  "options": {},
  "message": "อีเมลหรือรหัสผ่านไม่ถูกต้อง",
  "name": "UnauthorizedException"
}
Stack: UnauthorizedException: อีเมลหรือรหัสผ่านไม่ถูกต้อง
    at login (D:\JobSabuy\apps\api\src\auth\auth.service.ts:111:27)
    at processTicksAndRejections (native:7:39)
[2026-03-07T09:11:59.166Z] Login Error: {
  "response": {
    "message": "อีเมลหรือรหัสผ่านไม่ถูกต้อง",
    "error": "Unauthorized",
    "statusCode": 401
  },
  "status": 401,
  "options": {},
  "message": "อีเมลหรือรหัสผ่านไม่ถูกต้อง",
  "name": "UnauthorizedException"
}
Stack: UnauthorizedException: อีเมลหรือรหัสผ่านไม่ถูกต้อง
    at AuthService.login (C:\JobDD\apps\api\src\auth\auth.service.ts:139:15)
    at async C:\JobDD\node_modules\.bun\@nestjs+core@11.1.13+7be779187d152685\node_modules\@nestjs\core\router\router-execution-context.js:46:28
    at async C:\JobDD\node_modules\.bun\@nestjs+core@11.1.13+7be779187d152685\node_modules\@nestjs\core\router\router-proxy.js:9:17
[2026-04-07T05:07:57.139Z] Login Error: {
  "response": {
    "message": "อีเมลหรือรหัสผ่านไม่ถูกต้อง",
    "error": "Unauthorized",
    "statusCode": 401
  },
  "status": 401,
  "options": {},
  "message": "อีเมลหรือรหัสผ่านไม่ถูกต้อง",
  "name": "UnauthorizedException"
}
Stack: UnauthorizedException: อีเมลหรือรหัสผ่านไม่ถูกต้อง
    at AuthService.login (D:\Work\JobSabuy-main\apps\api\src\auth\auth.service.ts:129:15)
    at async D:\Work\JobSabuy-main\node_modules\.bun\@nestjs+core@11.1.13+7be779187d152685\node_modules\@nestjs\core\router\router-execution-context.js:46:28
    at async D:\Work\JobSabuy-main\node_modules\.bun\@nestjs+core@11.1.13+7be779187d152685\node_modules\@nestjs\core\router\router-proxy.js:9:17
[2026-04-07T05:09:02.257Z] Login Error: {
  "response": {
    "message": "อีเมลหรือรหัสผ่านไม่ถูกต้อง",
    "error": "Unauthorized",
    "statusCode": 401
  },
  "status": 401,
  "options": {},
  "message": "อีเมลหรือรหัสผ่านไม่ถูกต้อง",
  "name": "UnauthorizedException"
}
Stack: UnauthorizedException: อีเมลหรือรหัสผ่านไม่ถูกต้อง
    at AuthService.login (D:\Work\JobSabuy-main\apps\api\src\auth\auth.service.ts:143:15)
    at async D:\Work\JobSabuy-main\node_modules\.bun\@nestjs+core@11.1.13+7be779187d152685\node_modules\@nestjs\core\router\router-execution-context.js:46:28
    at async D:\Work\JobSabuy-main\node_modules\.bun\@nestjs+core@11.1.13+7be779187d152685\node_modules\@nestjs\core\router\router-proxy.js:9:17
[2026-04-07T09:28:26.763Z] Login Error: {
  "response": {
    "message": "อีเมลหรือรหัสผ่านไม่ถูกต้อง",
    "error": "Unauthorized",
    "statusCode": 401
  },
  "status": 401,
  "options": {},
  "message": "อีเมลหรือรหัสผ่านไม่ถูกต้อง",
  "name": "UnauthorizedException"
}
Stack: UnauthorizedException: อีเมลหรือรหัสผ่านไม่ถูกต้อง
    at AuthService.login (D:\Work\JobSabuy-main\apps\api\src\auth\auth.service.ts:129:15)
    at async D:\Work\JobSabuy-main\node_modules\.bun\@nestjs+core@11.1.13+7be779187d152685\node_modules\@nestjs\core\router\router-execution-context.js:46:28
    at async D:\Work\JobSabuy-main\node_modules\.bun\@nestjs+core@11.1.13+7be779187d152685\node_modules\@nestjs\core\router\router-proxy.js:9:17
[2026-04-07T09:29:26.674Z] Login Error: {
  "response": {
    "message": "อีเมลหรือรหัสผ่านไม่ถูกต้อง",
    "error": "Unauthorized",
    "statusCode": 401
  },
  "status": 401,
  "options": {},
  "message": "อีเมลหรือรหัสผ่านไม่ถูกต้อง",
  "name": "UnauthorizedException"
}
Stack: UnauthorizedException: อีเมลหรือรหัสผ่านไม่ถูกต้อง
    at AuthService.login (D:\Work\JobSabuy-main\apps\api\src\auth\auth.service.ts:129:15)
    at async D:\Work\JobSabuy-main\node_modules\.bun\@nestjs+core@11.1.13+7be779187d152685\node_modules\@nestjs\core\router\router-execution-context.js:46:28
    at async D:\Work\JobSabuy-main\node_modules\.bun\@nestjs+core@11.1.13+7be779187d152685\node_modules\@nestjs\core\router\router-proxy.js:9:17
[2026-04-08T07:19:46.768Z] Login Error: {
  "response": {
    "message": "อีเมลหรือรหัสผ่านไม่ถูกต้อง",
    "error": "Unauthorized",
    "statusCode": 401
  },
  "status": 401,
  "options": {},
  "message": "อีเมลหรือรหัสผ่านไม่ถูกต้อง",
  "name": "UnauthorizedException"
}
Stack: UnauthorizedException: อีเมลหรือรหัสผ่านไม่ถูกต้อง
    at AuthService.login (D:\Work\JobSabuy-main\apps\api\src\auth\auth.service.ts:129:15)
    at async D:\Work\JobSabuy-main\node_modules\.bun\@nestjs+core@11.1.13+7be779187d152685\node_modules\@nestjs\core\router\router-execution-context.js:46:28
    at async D:\Work\JobSabuy-main\node_modules\.bun\@nestjs+core@11.1.13+7be779187d152685\node_modules\@nestjs\core\router\router-proxy.js:9:17
[2026-04-08T08:49:25.324Z] Login Error: {
  "response": {
    "message": "อีเมลหรือรหัสผ่านไม่ถูกต้อง",
    "error": "Unauthorized",
    "statusCode": 401
  },
  "status": 401,
  "options": {},
  "message": "อีเมลหรือรหัสผ่านไม่ถูกต้อง",
  "name": "UnauthorizedException"
}
Stack: UnauthorizedException: อีเมลหรือรหัสผ่านไม่ถูกต้อง
    at AuthService.login (D:\Work\JobSabuy-main\apps\api\dist\auth\auth.service.js:153:23)
    at async D:\Work\JobSabuy-main\node_modules\.bun\@nestjs+core@11.1.13+7be779187d152685\node_modules\@nestjs\core\router\router-execution-context.js:46:28
    at async D:\Work\JobSabuy-main\node_modules\.bun\@nestjs+core@11.1.13+7be779187d152685\node_modules\@nestjs\core\router\router-proxy.js:9:17
[2026-04-08T08:59:35.102Z] Login Error: {
  "response": {
    "message": "อีเมลหรือรหัสผ่านไม่ถูกต้อง",
    "error": "Unauthorized",
    "statusCode": 401
  },
  "status": 401,
  "options": {},
  "message": "อีเมลหรือรหัสผ่านไม่ถูกต้อง",
  "name": "UnauthorizedException"
}
Stack: UnauthorizedException: อีเมลหรือรหัสผ่านไม่ถูกต้อง
    at AuthService.login (D:\Work\JobSabuy-main\apps\api\dist\auth\auth.service.js:153:23)
    at async D:\Work\JobSabuy-main\node_modules\.bun\@nestjs+core@11.1.13+7be779187d152685\node_modules\@nestjs\core\router\router-execution-context.js:46:28
    at async D:\Work\JobSabuy-main\node_modules\.bun\@nestjs+core@11.1.13+7be779187d152685\node_modules\@nestjs\core\router\router-proxy.js:9:17
[2026-04-10T10:34:52.513Z] Login Error: {
  "response": {
    "message": "บัญชีนี้ไม่ได้ลงทะเบียนในฐานะผู้สมัครงาน",
    "error": "Unauthorized",
    "statusCode": 401
  },
  "status": 401,
  "options": {},
  "message": "บัญชีนี้ไม่ได้ลงทะเบียนในฐานะผู้สมัครงาน",
  "name": "UnauthorizedException"
}
Stack: UnauthorizedException: บัญชีนี้ไม่ได้ลงทะเบียนในฐานะผู้สมัครงาน
    at AuthService.login (D:\Work\JobSabuy-main\apps\api\src\auth\auth.service.ts:134:15)
    at async D:\Work\JobSabuy-main\node_modules\.bun\@nestjs+core@11.1.13+7be779187d152685\node_modules\@nestjs\core\router\router-execution-context.js:46:28
    at async D:\Work\JobSabuy-main\node_modules\.bun\@nestjs+core@11.1.13+7be779187d152685\node_modules\@nestjs\core\router\router-proxy.js:9:17
[2026-04-10T10:42:00.116Z] Login Error: {
  "response": {
    "message": "อีเมลหรือรหัสผ่านไม่ถูกต้อง",
    "error": "Unauthorized",
    "statusCode": 401
  },
  "status": 401,
  "options": {},
  "message": "อีเมลหรือรหัสผ่านไม่ถูกต้อง",
  "name": "UnauthorizedException"
}
Stack: UnauthorizedException: อีเมลหรือรหัสผ่านไม่ถูกต้อง
    at AuthService.login (D:\Work\JobSabuy-main\apps\api\dist\auth\auth.service.js:153:23)
    at async D:\Work\JobSabuy-main\node_modules\.bun\@nestjs+core@11.1.13+7be779187d152685\node_modules\@nestjs\core\router\router-execution-context.js:46:28
    at async D:\Work\JobSabuy-main\node_modules\.bun\@nestjs+core@11.1.13+7be779187d152685\node_modules\@nestjs\core\router\router-proxy.js:9:17
[2026-04-10T10:42:23.653Z] Login Error: {
  "response": {
    "message": "บัญชีนี้ไม่ได้ลงทะเบียนในฐานะผู้สมัครงาน",
    "error": "Unauthorized",
    "statusCode": 401
  },
  "status": 401,
  "options": {},
  "message": "บัญชีนี้ไม่ได้ลงทะเบียนในฐานะผู้สมัครงาน",
  "name": "UnauthorizedException"
}
Stack: UnauthorizedException: บัญชีนี้ไม่ได้ลงทะเบียนในฐานะผู้สมัครงาน
    at AuthService.login (D:\Work\JobSabuy-main\apps\api\dist\auth\auth.service.js:157:23)
    at async D:\Work\JobSabuy-main\node_modules\.bun\@nestjs+core@11.1.13+7be779187d152685\node_modules\@nestjs\core\router\router-execution-context.js:46:28
    at async D:\Work\JobSabuy-main\node_modules\.bun\@nestjs+core@11.1.13+7be779187d152685\node_modules\@nestjs\core\router\router-proxy.js:9:17
[2026-04-10T10:44:39.184Z] Login Error: {
  "response": {
    "message": "บัญชีนี้ไม่ได้ลงทะเบียนในฐานะนายจ้าง/บริษัท",
    "error": "Unauthorized",
    "statusCode": 401
  },
  "status": 401,
  "options": {},
  "message": "บัญชีนี้ไม่ได้ลงทะเบียนในฐานะนายจ้าง/บริษัท",
  "name": "UnauthorizedException"
}
Stack: UnauthorizedException: บัญชีนี้ไม่ได้ลงทะเบียนในฐานะนายจ้าง/บริษัท
    at AuthService.login (D:\Work\JobSabuy-main\apps\api\dist\auth\auth.service.js:157:23)
    at async D:\Work\JobSabuy-main\node_modules\.bun\@nestjs+core@11.1.13+7be779187d152685\node_modules\@nestjs\core\router\router-execution-context.js:46:28
    at async D:\Work\JobSabuy-main\node_modules\.bun\@nestjs+core@11.1.13+7be779187d152685\node_modules\@nestjs\core\router\router-proxy.js:9:17
[2026-04-13T14:23:54.626Z] Login Error: {
  "response": {
    "message": "อีเมลหรือรหัสผ่านไม่ถูกต้อง",
    "error": "Unauthorized",
    "statusCode": 401
  },
  "status": 401,
  "options": {},
  "message": "อีเมลหรือรหัสผ่านไม่ถูกต้อง",
  "name": "UnauthorizedException"
}
Stack: UnauthorizedException: อีเมลหรือรหัสผ่านไม่ถูกต้อง
    at AuthService.login (D:\Work\JobSabuy-main\apps\api\dist\auth\auth.service.js:166:23)
    at async D:\Work\JobSabuy-main\node_modules\.bun\@nestjs+core@11.1.13+7be779187d152685\node_modules\@nestjs\core\router\router-execution-context.js:46:28
    at async D:\Work\JobSabuy-main\node_modules\.bun\@nestjs+core@11.1.13+7be779187d152685\node_modules\@nestjs\core\router\router-proxy.js:9:17
[2026-04-13T16:25:29.330Z] Login Error: {
  "response": {
    "message": "บัญชีนี้ไม่ได้ลงทะเบียนในฐานะผู้สมัครงาน",
    "error": "Unauthorized",
    "statusCode": 401
  },
  "status": 401,
  "options": {},
  "message": "บัญชีนี้ไม่ได้ลงทะเบียนในฐานะผู้สมัครงาน",
  "name": "UnauthorizedException"
}
Stack: UnauthorizedException: บัญชีนี้ไม่ได้ลงทะเบียนในฐานะผู้สมัครงาน
    at AuthService.login (D:\Work\JobSabuy-main\apps\api\dist\auth\auth.service.js:157:23)
    at async D:\Work\JobSabuy-main\node_modules\.bun\@nestjs+core@11.1.13+7be779187d152685\node_modules\@nestjs\core\router\router-execution-context.js:46:28
    at async D:\Work\JobSabuy-main\node_modules\.bun\@nestjs+core@11.1.13+7be779187d152685\node_modules\@nestjs\core\router\router-proxy.js:9:17
[2026-04-14T14:45:43.139Z] Login Error: {
  "response": {
    "message": "บัญชีนี้ไม่ได้ลงทะเบียนในฐานะผู้สมัครงาน",
    "error": "Unauthorized",
    "statusCode": 401
  },
  "status": 401,
  "options": {},
  "message": "บัญชีนี้ไม่ได้ลงทะเบียนในฐานะผู้สมัครงาน",
  "name": "UnauthorizedException"
}
Stack: UnauthorizedException: บัญชีนี้ไม่ได้ลงทะเบียนในฐานะผู้สมัครงาน
    at AuthService.login (D:\Work\JobSabuy-main\apps\api\dist\auth\auth.service.js:157:23)
    at async D:\Work\JobSabuy-main\node_modules\.bun\@nestjs+core@11.1.13+7be779187d152685\node_modules\@nestjs\core\router\router-execution-context.js:46:28
    at async D:\Work\JobSabuy-main\node_modules\.bun\@nestjs+core@11.1.13+7be779187d152685\node_modules\@nestjs\core\router\router-proxy.js:9:17
[2026-04-16T02:35:32.717Z] Login Error: {
  "response": {
    "message": "บัญชีนี้ไม่ได้ลงทะเบียนในฐานะผู้สมัครงาน",
    "error": "Unauthorized",
    "statusCode": 401
  },
  "status": 401,
  "options": {},
  "message": "บัญชีนี้ไม่ได้ลงทะเบียนในฐานะผู้สมัครงาน",
  "name": "UnauthorizedException"
}
Stack: UnauthorizedException: บัญชีนี้ไม่ได้ลงทะเบียนในฐานะผู้สมัครงาน
    at AuthService.login (D:\Work\JobSabuy-main\apps\api\dist\auth\auth.service.js:157:23)
    at async D:\Work\JobSabuy-main\node_modules\.bun\@nestjs+core@11.1.13+7be779187d152685\node_modules\@nestjs\core\router\router-execution-context.js:46:28
    at async D:\Work\JobSabuy-main\node_modules\.bun\@nestjs+core@11.1.13+7be779187d152685\node_modules\@nestjs\core\router\router-proxy.js:9:17
[2026-04-16T04:02:50.343Z] Login Error: {
  "response": {
    "message": "บัญชีนี้ไม่ได้ลงทะเบียนในฐานะผู้สมัครงาน",
    "error": "Unauthorized",
    "statusCode": 401
  },
  "status": 401,
  "options": {},
  "message": "บัญชีนี้ไม่ได้ลงทะเบียนในฐานะผู้สมัครงาน",
  "name": "UnauthorizedException"
}
Stack: UnauthorizedException: บัญชีนี้ไม่ได้ลงทะเบียนในฐานะผู้สมัครงาน
    at AuthService.login (D:\Work\JobSabuy-main\apps\api\dist\auth\auth.service.js:157:23)
    at async D:\Work\JobSabuy-main\node_modules\.bun\@nestjs+core@11.1.13+7be779187d152685\node_modules\@nestjs\core\router\router-execution-context.js:46:28
    at async D:\Work\JobSabuy-main\node_modules\.bun\@nestjs+core@11.1.13+7be779187d152685\node_modules\@nestjs\core\router\router-proxy.js:9:17
[2026-04-16T04:10:40.884Z] Login Error: {
  "response": {
    "message": "อีเมลหรือรหัสผ่านไม่ถูกต้อง",
    "error": "Unauthorized",
    "statusCode": 401
  },
  "status": 401,
  "options": {},
  "message": "อีเมลหรือรหัสผ่านไม่ถูกต้อง",
  "name": "UnauthorizedException"
}
Stack: UnauthorizedException: อีเมลหรือรหัสผ่านไม่ถูกต้อง
    at AuthService.login (D:\Work\JobSabuy-main\apps\api\dist\auth\auth.service.js:166:23)
    at async D:\Work\JobSabuy-main\node_modules\.bun\@nestjs+core@11.1.13+7be779187d152685\node_modules\@nestjs\core\router\router-execution-context.js:46:28
    at async D:\Work\JobSabuy-main\node_modules\.bun\@nestjs+core@11.1.13+7be779187d152685\node_modules\@nestjs\core\router\router-proxy.js:9:17
[2026-04-20T05:34:33.305Z] Login Error: {
  "response": {
    "message": "บัญชีนี้ไม่ได้ลงทะเบียนในฐานะผู้สมัครงาน",
    "error": "Unauthorized",
    "statusCode": 401
  },
  "status": 401,
  "options": {},
  "message": "บัญชีนี้ไม่ได้ลงทะเบียนในฐานะผู้สมัครงาน",
  "name": "UnauthorizedException"
}
Stack: UnauthorizedException: บัญชีนี้ไม่ได้ลงทะเบียนในฐานะผู้สมัครงาน
    at AuthService.login (D:\Work\JobSabuy-main\apps\api\src\auth\auth.service.ts:134:15)
    at async D:\Work\JobSabuy-main\node_modules\.bun\@nestjs+core@11.1.13+7be779187d152685\node_modules\@nestjs\core\router\router-execution-context.js:46:28
    at async D:\Work\JobSabuy-main\node_modules\.bun\@nestjs+core@11.1.13+7be779187d152685\node_modules\@nestjs\core\router\router-proxy.js:9:17
[2026-04-20T05:34:36.262Z] Login Error: {
  "response": {
    "message": "บัญชีนี้ไม่ได้ลงทะเบียนในฐานะนายจ้าง/บริษัท",
    "error": "Unauthorized",
    "statusCode": 401
  },
  "status": 401,
  "options": {},
  "message": "บัญชีนี้ไม่ได้ลงทะเบียนในฐานะนายจ้าง/บริษัท",
  "name": "UnauthorizedException"
}
Stack: UnauthorizedException: บัญชีนี้ไม่ได้ลงทะเบียนในฐานะนายจ้าง/บริษัท
    at AuthService.login (D:\Work\JobSabuy-main\apps\api\src\auth\auth.service.ts:134:15)
    at async D:\Work\JobSabuy-main\node_modules\.bun\@nestjs+core@11.1.13+7be779187d152685\node_modules\@nestjs\core\router\router-execution-context.js:46:28
    at async D:\Work\JobSabuy-main\node_modules\.bun\@nestjs+core@11.1.13+7be779187d152685\node_modules\@nestjs\core\router\router-proxy.js:9:17
[2026-04-20T05:34:54.165Z] Login Error: {
  "response": {
    "message": "บัญชีนี้ไม่ได้ลงทะเบียนในฐานะผู้สมัครงาน",
    "error": "Unauthorized",
    "statusCode": 401
  },
  "status": 401,
  "options": {},
  "message": "บัญชีนี้ไม่ได้ลงทะเบียนในฐานะผู้สมัครงาน",
  "name": "UnauthorizedException"
}
Stack: UnauthorizedException: บัญชีนี้ไม่ได้ลงทะเบียนในฐานะผู้สมัครงาน
    at AuthService.login (D:\Work\JobSabuy-main\apps\api\src\auth\auth.service.ts:134:15)
    at async D:\Work\JobSabuy-main\node_modules\.bun\@nestjs+core@11.1.13+7be779187d152685\node_modules\@nestjs\core\router\router-execution-context.js:46:28
    at async D:\Work\JobSabuy-main\node_modules\.bun\@nestjs+core@11.1.13+7be779187d152685\node_modules\@nestjs\core\router\router-proxy.js:9:17
[2026-04-20T05:43:04.887Z] Login Error: {
  "response": {
    "message": "บัญชีนี้ไม่ได้ลงทะเบียนในฐานะผู้สมัครงาน",
    "error": "Unauthorized",
    "statusCode": 401
  },
  "status": 401,
  "options": {},
  "message": "บัญชีนี้ไม่ได้ลงทะเบียนในฐานะผู้สมัครงาน",
  "name": "UnauthorizedException"
}
Stack: UnauthorizedException: บัญชีนี้ไม่ได้ลงทะเบียนในฐานะผู้สมัครงาน
    at AuthService.login (D:\Work\JobSabuy-main\apps\api\src\auth\auth.service.ts:134:15)
    at async D:\Work\JobSabuy-main\node_modules\.bun\@nestjs+core@11.1.13+7be779187d152685\node_modules\@nestjs\core\router\router-execution-context.js:46:28
    at async D:\Work\JobSabuy-main\node_modules\.bun\@nestjs+core@11.1.13+7be779187d152685\node_modules\@nestjs\core\router\router-proxy.js:9:17
[2026-04-20T05:43:07.345Z] Login Error: {
  "response": {
    "message": "บัญชีนี้ไม่ได้ลงทะเบียนในฐานะผู้สมัครงาน",
    "error": "Unauthorized",
    "statusCode": 401
  },
  "status": 401,
  "options": {},
  "message": "บัญชีนี้ไม่ได้ลงทะเบียนในฐานะผู้สมัครงาน",
  "name": "UnauthorizedException"
}
Stack: UnauthorizedException: บัญชีนี้ไม่ได้ลงทะเบียนในฐานะผู้สมัครงาน
    at AuthService.login (D:\Work\JobSabuy-main\apps\api\src\auth\auth.service.ts:134:15)
    at async D:\Work\JobSabuy-main\node_modules\.bun\@nestjs+core@11.1.13+7be779187d152685\node_modules\@nestjs\core\router\router-execution-context.js:46:28
    at async D:\Work\JobSabuy-main\node_modules\.bun\@nestjs+core@11.1.13+7be779187d152685\node_modules\@nestjs\core\router\router-proxy.js:9:17
[2026-04-20T05:43:19.861Z] Login Error: {
  "response": {
    "message": "บัญชีนี้ไม่ได้ลงทะเบียนในฐานะผู้สมัครงาน",
    "error": "Unauthorized",
    "statusCode": 401
  },
  "status": 401,
  "options": {},
  "message": "บัญชีนี้ไม่ได้ลงทะเบียนในฐานะผู้สมัครงาน",
  "name": "UnauthorizedException"
}
Stack: UnauthorizedException: บัญชีนี้ไม่ได้ลงทะเบียนในฐานะผู้สมัครงาน
    at AuthService.login (D:\Work\JobSabuy-main\apps\api\src\auth\auth.service.ts:134:15)
    at async D:\Work\JobSabuy-main\node_modules\.bun\@nestjs+core@11.1.13+7be779187d152685\node_modules\@nestjs\core\router\router-execution-context.js:46:28
    at async D:\Work\JobSabuy-main\node_modules\.bun\@nestjs+core@11.1.13+7be779187d152685\node_modules\@nestjs\core\router\router-proxy.js:9:17
[2026-04-20T07:06:02.665Z] Login Error: {
  "response": {
    "message": "บัญชีนี้ไม่ได้ลงทะเบียนในฐานะผู้สมัครงาน",
    "error": "Unauthorized",
    "statusCode": 401
  },
  "status": 401,
  "options": {},
  "message": "บัญชีนี้ไม่ได้ลงทะเบียนในฐานะผู้สมัครงาน",
  "name": "UnauthorizedException"
}
Stack: UnauthorizedException: บัญชีนี้ไม่ได้ลงทะเบียนในฐานะผู้สมัครงาน
    at AuthService.login (D:\Work\JobSabuy-main\apps\api\src\auth\auth.service.ts:134:15)
    at async D:\Work\JobSabuy-main\node_modules\.bun\@nestjs+core@11.1.13+7be779187d152685\node_modules\@nestjs\core\router\router-execution-context.js:46:28
    at async D:\Work\JobSabuy-main\node_modules\.bun\@nestjs+core@11.1.13+7be779187d152685\node_modules\@nestjs\core\router\router-proxy.js:9:17
[2026-04-20T07:07:18.724Z] Login Error: {
  "response": {
    "message": "บัญชีนี้ไม่ได้ลงทะเบียนในฐานะผู้สมัครงาน",
    "error": "Unauthorized",
    "statusCode": 401
  },
  "status": 401,
  "options": {},
  "message": "บัญชีนี้ไม่ได้ลงทะเบียนในฐานะผู้สมัครงาน",
  "name": "UnauthorizedException"
}
Stack: UnauthorizedException: บัญชีนี้ไม่ได้ลงทะเบียนในฐานะผู้สมัครงาน
    at AuthService.login (D:\Work\JobSabuy-main\apps\api\src\auth\auth.service.ts:134:15)
    at async D:\Work\JobSabuy-main\node_modules\.bun\@nestjs+core@11.1.13+7be779187d152685\node_modules\@nestjs\core\router\router-execution-context.js:46:28
    at async D:\Work\JobSabuy-main\node_modules\.bun\@nestjs+core@11.1.13+7be779187d152685\node_modules\@nestjs\core\router\router-proxy.js:9:17
[2026-04-20T07:07:21.230Z] Login Error: {
  "response": {
    "message": "บัญชีนี้ไม่ได้ลงทะเบียนในฐานะนายจ้าง/บริษัท",
    "error": "Unauthorized",
    "statusCode": 401
  },
  "status": 401,
  "options": {},
  "message": "บัญชีนี้ไม่ได้ลงทะเบียนในฐานะนายจ้าง/บริษัท",
  "name": "UnauthorizedException"
}
Stack: UnauthorizedException: บัญชีนี้ไม่ได้ลงทะเบียนในฐานะนายจ้าง/บริษัท
    at AuthService.login (D:\Work\JobSabuy-main\apps\api\src\auth\auth.service.ts:134:15)
    at async D:\Work\JobSabuy-main\node_modules\.bun\@nestjs+core@11.1.13+7be779187d152685\node_modules\@nestjs\core\router\router-execution-context.js:46:28
    at async D:\Work\JobSabuy-main\node_modules\.bun\@nestjs+core@11.1.13+7be779187d152685\node_modules\@nestjs\core\router\router-proxy.js:9:17
[2026-04-20T07:31:20.540Z] Login Error: {
  "response": {
    "message": "อีเมลหรือรหัสผ่านไม่ถูกต้อง",
    "error": "Unauthorized",
    "statusCode": 401
  },
  "status": 401,
  "options": {},
  "message": "อีเมลหรือรหัสผ่านไม่ถูกต้อง",
  "name": "UnauthorizedException"
}
Stack: UnauthorizedException: อีเมลหรือรหัสผ่านไม่ถูกต้อง
    at AuthService.login (D:\Work\JobSabuy-main\apps\api\src\auth\auth.service.ts:148:15)
    at async D:\Work\JobSabuy-main\node_modules\.bun\@nestjs+core@11.1.13+7be779187d152685\node_modules\@nestjs\core\router\router-execution-context.js:46:28
    at async D:\Work\JobSabuy-main\node_modules\.bun\@nestjs+core@11.1.13+7be779187d152685\node_modules\@nestjs\core\router\router-proxy.js:9:17
